<?xml version="1.0" encoding="UTF-8"?>
<testsuite name="com.oracle.clearing.sim.processor.SiteMapProcessorTest" tests="1" skipped="0" failures="0" errors="0" timestamp="2019-11-24T06:37:51" hostname="Sunils-MBP" time="0.001">
  <properties/>
  <testcase name="test()" classname="com.oracle.clearing.sim.processor.SiteMapProcessorTest" time="0.001"/>
  <system-out><![CDATA[o o r T 
r r t o 
o o o o 
]]></system-out>
  <system-err><![CDATA[]]></system-err>
</testsuite>
