<?xml version="1.0" encoding="UTF-8"?>
<testsuite name="com.oracle.clearing.sim.commands.AdvanceCommandTest" tests="4" skipped="0" failures="0" errors="0" timestamp="2019-11-24T06:37:51" hostname="Sunils-MBP" time="0.004">
  <properties/>
  <testcase name="advanceToEastWorks()" classname="com.oracle.clearing.sim.commands.AdvanceCommandTest" time="0.0"/>
  <testcase name="advanceToWestWorks()" classname="com.oracle.clearing.sim.commands.AdvanceCommandTest" time="0.002"/>
  <testcase name="advanceToSouthWorks()" classname="com.oracle.clearing.sim.commands.AdvanceCommandTest" time="0.0"/>
  <testcase name="advanceToNorthWorks()" classname="com.oracle.clearing.sim.commands.AdvanceCommandTest" time="0.001"/>
  <system-out><![CDATA[test
]]></system-out>
  <system-err><![CDATA[]]></system-err>
</testsuite>
