<?xml version="1.0" encoding="UTF-8"?>
<testsuite name="com.oracle.clearing.sim.commands.RightCommandTest" tests="4" skipped="0" failures="0" errors="0" timestamp="2019-11-24T06:37:51" hostname="Sunils-MBP" time="0.001">
  <properties/>
  <testcase name="turnRightToSouthWorks()" classname="com.oracle.clearing.sim.commands.RightCommandTest" time="0.0"/>
  <testcase name="turnRightToNorthWorks()" classname="com.oracle.clearing.sim.commands.RightCommandTest" time="0.0"/>
  <testcase name="turnRightToEastWorks()" classname="com.oracle.clearing.sim.commands.RightCommandTest" time="0.0"/>
  <testcase name="turnRightToWestWorks()" classname="com.oracle.clearing.sim.commands.RightCommandTest" time="0.0"/>
  <system-out><![CDATA[]]></system-out>
  <system-err><![CDATA[]]></system-err>
</testsuite>
