<?xml version="1.0" encoding="UTF-8"?>
<testsuite name="com.oracle.clearing.sim.processor.CostCalculatorTest" tests="1" skipped="0" failures="0" errors="0" timestamp="2019-11-24T06:37:51" hostname="Sunils-MBP" time="0.001">
  <properties/>
  <testcase name="test()" classname="com.oracle.clearing.sim.processor.CostCalculatorTest" time="0.001"/>
  <system-out><![CDATA[
Protected Tree

 FORWARD 4, Turn RIGHT -->,  FORWARD 2, Execute QUIT

Detailed Cost for clearing this site:

Item                                       Quantity                 Cost
communication overhead                            3                    3
fuel usage                                        8                    8
uncleared squares                                 4                   12
destruction of protected tree                     1                   10
paint damage to bulldozer                         0                    0
--------------------          
Total COST:                                                          33
----------------              
]]></system-out>
  <system-err><![CDATA[]]></system-err>
</testsuite>
