<?xml version="1.0" encoding="UTF-8"?>
<testsuite name="com.oracle.clearing.sim.processor.CommandProcessorTest" tests="4" skipped="0" failures="0" errors="0" timestamp="2019-11-24T06:37:51" hostname="Sunils-MBP" time="0.005">
  <properties/>
  <testcase name="subsequentCommandWorks()" classname="com.oracle.clearing.sim.processor.CommandProcessorTest" time="0.001"/>
  <testcase name="firstCommandWorks()" classname="com.oracle.clearing.sim.processor.CommandProcessorTest" time="0.001"/>
  <testcase name="subsequentNoopCommandWorks()" classname="com.oracle.clearing.sim.processor.CommandProcessorTest" time="0.002"/>
  <testcase name="subsequentQuitCommandWorks()" classname="com.oracle.clearing.sim.processor.CommandProcessorTest" time="0.001"/>
  <system-out><![CDATA[o o o r t r t r t r t 
o o o o o o o o o o T 
r r r r r r r r r r T 
o o o r t r t r t r t 
o o o o o o o o o o T 
r r r r r r r r r r T 
o o o r t r t r t r t 
o o o o o o o o o o T 
r r r r r r r r r r T 
test is an Invalid Command!
o o o r t r t r t r t 
o o o o o o o o o o T 
r r r r r r r r r r T 
]]></system-out>
  <system-err><![CDATA[]]></system-err>
</testsuite>
