<?xml version="1.0" encoding="UTF-8"?>
<testsuite name="com.oracle.clearing.sim.input.CommandReaderTest" tests="1" skipped="0" failures="0" errors="0" timestamp="2019-11-24T06:37:51" hostname="Sunils-MBP" time="0.002">
  <properties/>
  <testcase name="test()" classname="com.oracle.clearing.sim.input.CommandReaderTest" time="0.002"/>
  <system-out><![CDATA[
Current Location - Northern edge of the site, immediately to the West of the site, and facing East.

Simulation started..... Please enter your instructions below or enter 'help' to get usage help 
FOO
BAR
QUIT
]]></system-out>
  <system-err><![CDATA[]]></system-err>
</testsuite>
