<?xml version="1.0" encoding="UTF-8"?>
<testsuite name="com.oracle.clearing.sim.commands.LeftCommandTest" tests="4" skipped="0" failures="0" errors="0" timestamp="2019-11-24T06:37:51" hostname="Sunils-MBP" time="0.002">
  <properties/>
  <testcase name="turnLeftToEastWorks()" classname="com.oracle.clearing.sim.commands.LeftCommandTest" time="0.0"/>
  <testcase name="turnLeftToWestWorks()" classname="com.oracle.clearing.sim.commands.LeftCommandTest" time="0.0"/>
  <testcase name="turnLeftToSouthWorks()" classname="com.oracle.clearing.sim.commands.LeftCommandTest" time="0.0"/>
  <testcase name="turnLeftToNorthWorks()" classname="com.oracle.clearing.sim.commands.LeftCommandTest" time="0.0"/>
  <system-out><![CDATA[]]></system-out>
  <system-err><![CDATA[]]></system-err>
</testsuite>
