<?xml version="1.0" encoding="UTF-8"?>
<testsuite name="com.oracle.site.clearnce.sim.IntegrationTest" tests="6" skipped="0" failures="0" errors="0" timestamp="2019-11-24T06:37:51" hostname="Sunils-MBP" time="0.055">
  <properties/>
  <testcase name="testBadCommand()" classname="com.oracle.site.clearnce.sim.IntegrationTest" time="0.035"/>
  <testcase name="testProtectedTree()" classname="com.oracle.site.clearnce.sim.IntegrationTest" time="0.004"/>
  <testcase name="testOutOfBoundary()" classname="com.oracle.site.clearnce.sim.IntegrationTest" time="0.005"/>
  <testcase name="testAdvanceCommandEdgeCase()" classname="com.oracle.site.clearnce.sim.IntegrationTest" time="0.004"/>
  <testcase name="testSuccess()" classname="com.oracle.site.clearnce.sim.IntegrationTest" time="0.003"/>
  <testcase name="testRevisiting()" classname="com.oracle.site.clearnce.sim.IntegrationTest" time="0.002"/>
  <system-out><![CDATA[o o o r t r t r t r t 
o o o o o o o o o o T 
r r r r r r r r r r T 

Current Location - Northern edge of the site, immediately to the West of the site, and facing East.

Simulation started..... Please enter your instructions below or enter 'help' to get usage help 
A 4
R
A
A 4
L
A 2
A 4
L
QUIT
A is an Invalid Command!


Session ended because there is an attempt to navigate beyond the boundaries of the site; 

 FORWARD 4, Turn RIGHT -->,  FORWARD 4, Execute QUIT

Detailed Cost for clearing this site:

Item                                       Quantity                 Cost
communication overhead                            4                    4
fuel usage                                        8                    8
uncleared squares                                25                   75
destruction of protected tree                     0                    0
paint damage to bulldozer                         0                    0
--------------------          
Total COST:                                                          87
----------------              
o o o r t r t r t r t 
o o o o o o o o o o T 
r r r r r r r r r r T 

Current Location - Northern edge of the site, immediately to the West of the site, and facing East.

Simulation started..... Please enter your instructions below or enter 'help' to get usage help 
A 8
R
A 4
QUIT


Session ended because there is an attempt to navigate beyond the boundaries of the site; 

 FORWARD 8, Turn RIGHT -->,  FORWARD 4, Execute QUIT

Detailed Cost for clearing this site:

Item                                       Quantity                 Cost
communication overhead                            3                    3
fuel usage                                       16                   16
uncleared squares                                21                   63
destruction of protected tree                     0                    0
paint damage to bulldozer                         2                    4
--------------------          
Total COST:                                                          86
----------------              
o o o r t r t r t r t 
o o o o o o o o o o T 
r r r r r r r r r r T 

Current Location - Northern edge of the site, immediately to the West of the site, and facing East.

Simulation started..... Please enter your instructions below or enter 'help' to get usage help 
A 4
R
A 5
L
A 2
A 4
L
QUIT


Session ended because there is an attempt to navigate beyond the boundaries of the site; 

 FORWARD 4, Turn RIGHT -->,  FORWARD 5, Execute QUIT

Detailed Cost for clearing this site:

Item                                       Quantity                 Cost
communication overhead                            3                    3
fuel usage                                        8                    8
uncleared squares                                25                   75
destruction of protected tree                     0                    0
paint damage to bulldozer                         0                    0
--------------------          
Total COST:                                                          86
----------------              
o o o r t r t r t r t 
o o o o o o o o o o T 
r r r r r r r r r r T 

Current Location - Northern edge of the site, immediately to the West of the site, and facing East.

Simulation started..... Please enter your instructions below or enter 'help' to get usage help 
A 4
R
A 2
A 0
L
QUIT
A 0 is an Invalid Command!

The simulation has ended at your request.

 FORWARD 4, Turn RIGHT -->,  FORWARD 2, <-- Turn LEFT, Execute QUIT

Detailed Cost for clearing this site:

Item                                       Quantity                 Cost
communication overhead                            5                    5
fuel usage                                        8                    8
uncleared squares                                25                   75
destruction of protected tree                     0                    0
paint damage to bulldozer                         0                    0
--------------------          
Total COST:                                                          88
----------------              
o o o r t r t r t r t 
o o o o o o o o o o T 
r r r r r r r r r r T 

Current Location - Northern edge of the site, immediately to the West of the site, and facing East.

Simulation started..... Please enter your instructions below or enter 'help' to get usage help 
A 4
R
A 4
L
A 2
A 4
L
QUIT


Session ended because there is an attempt to navigate beyond the boundaries of the site; 

 FORWARD 4, Turn RIGHT -->,  FORWARD 4, Execute QUIT

Detailed Cost for clearing this site:

Item                                       Quantity                 Cost
communication overhead                            3                    3
fuel usage                                        8                    8
uncleared squares                                25                   75
destruction of protected tree                     0                    0
paint damage to bulldozer                         0                    0
--------------------          
Total COST:                                                          86
----------------              
o o o r t r t r t r t 
o o o o o o o o o o T 
r r r r r r r r r r T 

Current Location - Northern edge of the site, immediately to the West of the site, and facing East.

Simulation started..... Please enter your instructions below or enter 'help' to get usage help 
A 4
R
A 4
R
R
A 4
QUIT


Session ended because there is an attempt to navigate beyond the boundaries of the site; 

 FORWARD 4, Turn RIGHT -->,  FORWARD 4, Execute QUIT

Detailed Cost for clearing this site:

Item                                       Quantity                 Cost
communication overhead                            3                    3
fuel usage                                        8                    8
uncleared squares                                25                   75
destruction of protected tree                     0                    0
paint damage to bulldozer                         0                    0
--------------------          
Total COST:                                                          86
----------------              
]]></system-out>
  <system-err><![CDATA[]]></system-err>
</testsuite>
